TN:
SF:src/index.js
FN:4,svgToPng
FN:5,(anonymous_1)
FN:10,(anonymous_2)
FN:15,(anonymous_3)
FN:20,(anonymous_4)
FN:27,processNode
FN:165,(anonymous_6)
FN:190,processListNode
FN:209,exportHTMLDivToDocx
FNF:9
FNH:8
FNDA:5,svgToPng
FNDA:5,(anonymous_1)
FNDA:5,(anonymous_2)
FNDA:5,(anonymous_3)
FNDA:0,(anonymous_4)
FNDA:64,processNode
FNDA:3,(anonymous_6)
FNDA:11,processListNode
FNDA:30,exportHTMLDivToDocx
DA:5,5
DA:6,5
DA:7,5
DA:8,5
DA:10,5
DA:11,5
DA:12,5
DA:13,5
DA:14,5
DA:15,5
DA:16,5
DA:20,5
DA:22,5
DA:23,5
DA:28,64
DA:30,64
DA:31,461
DA:33,145
DA:34,15
DA:36,145
DA:38,316
DA:40,18
DA:44,18
DA:46,111
DA:50,111
DA:52,7
DA:56,7
DA:58,2
DA:62,2
DA:64,2
DA:68,2
DA:70,2
DA:74,2
DA:76,140
DA:77,140
DA:80,8
DA:81,8
DA:82,8
DA:86,8
DA:87,8
DA:89,2
DA:90,2
DA:91,2
DA:92,2
DA:94,2
DA:95,2
DA:97,2
DA:110,2
DA:112,0
DA:115,0
DA:117,2
DA:119,2
DA:120,2
DA:121,2
DA:123,2
DA:124,2
DA:126,2
DA:139,2
DA:141,0
DA:144,0
DA:146,2
DA:148,1
DA:149,1
DA:151,3
DA:162,3
DA:164,3
DA:165,3
DA:166,3
DA:167,2
DA:172,1
DA:175,3
DA:177,1
DA:178,1
DA:180,6
DA:181,6
DA:183,316
DA:187,64
DA:191,11
DA:192,11
DA:193,11
DA:195,11
DA:196,57
DA:197,22
DA:198,22
DA:202,22
DA:206,11
DA:210,30
DA:212,30
DA:213,0
DA:214,0
DA:217,30
DA:219,30
DA:220,30
DA:222,30
DA:232,30
DA:233,29
DA:234,29
DA:236,1
DA:238,30
DA:239,30
DA:243,5
LF:101
LH:95
BRDA:31,0,0,145
BRDA:31,0,1,316
BRDA:33,1,0,15
BRDA:33,1,1,130
BRDA:38,2,0,18
BRDA:38,2,1,111
BRDA:38,2,2,7
BRDA:38,2,3,2
BRDA:38,2,4,2
BRDA:38,2,5,2
BRDA:38,2,6,140
BRDA:38,2,7,5
BRDA:38,2,8,8
BRDA:38,2,9,7
BRDA:38,2,10,7
BRDA:38,2,11,8
BRDA:38,2,12,2
BRDA:38,2,13,2
BRDA:38,2,14,1
BRDA:38,2,15,3
BRDA:38,2,16,3
BRDA:38,2,17,1
BRDA:38,2,18,6
BRDA:94,3,0,2
BRDA:94,3,1,0
BRDA:102,4,0,2
BRDA:102,4,1,2
BRDA:103,5,0,2
BRDA:103,5,1,2
BRDA:105,6,0,2
BRDA:105,6,1,0
BRDA:123,7,0,2
BRDA:123,7,1,0
BRDA:131,8,0,2
BRDA:131,8,1,0
BRDA:132,9,0,2
BRDA:132,9,1,0
BRDA:166,10,0,2
BRDA:166,10,1,1
BRDA:168,11,0,2
BRDA:168,11,1,2
BRDA:196,12,0,22
BRDA:196,12,1,35
BRDA:196,13,0,57
BRDA:196,13,1,23
BRDA:197,14,0,8
BRDA:197,14,1,14
BRDA:209,15,0,2
BRDA:209,16,0,26
BRDA:212,17,0,0
BRDA:212,17,1,30
BRDA:223,18,0,30
BRDA:223,18,1,28
BRDA:224,19,0,30
BRDA:224,19,1,28
BRDA:225,20,0,30
BRDA:225,20,1,28
BRDA:239,21,0,2
BRDA:239,21,1,28
BRF:59
BRH:53
end_of_record
